ARM GAS  C:\Users\user\AppData\Local\Temp\ccGAXYj6.s 			page 1


   1              		.syntax unified
   2              		.cpu cortex-m0
   3              		.fpu softvfp
   4              		.eabi_attribute 20, 1
   5              		.eabi_attribute 21, 1
   6              		.eabi_attribute 23, 3
   7              		.eabi_attribute 24, 1
   8              		.eabi_attribute 25, 1
   9              		.eabi_attribute 26, 1
  10              		.eabi_attribute 30, 4
  11              		.eabi_attribute 34, 0
  12              		.eabi_attribute 18, 4
  13              		.thumb
  14              		.syntax unified
  15              		.file	"BLE_custom.c"
  16              		.text
  17              	.Ltext0:
  18              		.cfi_sections	.debug_frame
  19              		.section	.text.CyBle_CustomInit,"ax",%progbits
  20              		.align	1
  21              		.global	CyBle_CustomInit
  22              		.code	16
  23              		.thumb_func
  24              		.type	CyBle_CustomInit, %function
  25              	CyBle_CustomInit:
  26              	.LFB2:
  27              		.file 1 "Generated_Source\\PSoC4\\BLE_custom.c"
   1:Generated_Source\PSoC4/BLE_custom.c **** /***************************************************************************//**
   2:Generated_Source\PSoC4/BLE_custom.c **** * \file CYBLE_custom.c
   3:Generated_Source\PSoC4/BLE_custom.c **** * \version 3.66
   4:Generated_Source\PSoC4/BLE_custom.c **** * 
   5:Generated_Source\PSoC4/BLE_custom.c **** * \brief
   6:Generated_Source\PSoC4/BLE_custom.c **** *  Contains the source code for the Custom Service.
   7:Generated_Source\PSoC4/BLE_custom.c **** * 
   8:Generated_Source\PSoC4/BLE_custom.c **** ********************************************************************************
   9:Generated_Source\PSoC4/BLE_custom.c **** * \copyright
  10:Generated_Source\PSoC4/BLE_custom.c **** * Copyright 2014-2020, Cypress Semiconductor Corporation.  All rights reserved.
  11:Generated_Source\PSoC4/BLE_custom.c **** * You may use this file only in accordance with the license, terms, conditions,
  12:Generated_Source\PSoC4/BLE_custom.c **** * disclaimers, and limitations in the end user license agreement accompanying
  13:Generated_Source\PSoC4/BLE_custom.c **** * the software package with which this file was provided.
  14:Generated_Source\PSoC4/BLE_custom.c **** *******************************************************************************/
  15:Generated_Source\PSoC4/BLE_custom.c **** 
  16:Generated_Source\PSoC4/BLE_custom.c **** 
  17:Generated_Source\PSoC4/BLE_custom.c **** #include "BLE_eventHandler.h"
  18:Generated_Source\PSoC4/BLE_custom.c **** 
  19:Generated_Source\PSoC4/BLE_custom.c **** #ifdef CYBLE_CUSTOM_SERVER
  20:Generated_Source\PSoC4/BLE_custom.c **** 
  21:Generated_Source\PSoC4/BLE_custom.c **** /* If any custom service with custom characteristics is defined in the
  22:Generated_Source\PSoC4/BLE_custom.c **** * customizer's GUI their handles will be present in this array.
  23:Generated_Source\PSoC4/BLE_custom.c **** */
  24:Generated_Source\PSoC4/BLE_custom.c **** /* This array contains attribute handles for the defined Custom Services and their characteristics 
  25:Generated_Source\PSoC4/BLE_custom.c ****    The array index definitions are located in the CYBLE_custom.h file. */
  26:Generated_Source\PSoC4/BLE_custom.c **** const CYBLE_CUSTOMS_T cyBle_customs[0x03u] = {
  27:Generated_Source\PSoC4/BLE_custom.c **** 
  28:Generated_Source\PSoC4/BLE_custom.c ****     /* 15DBCD61-6388-4C33-B9D8-580254FED03B service */
  29:Generated_Source\PSoC4/BLE_custom.c ****     {
  30:Generated_Source\PSoC4/BLE_custom.c ****         0x0034u, /* Handle of the 15DBCD61-6388-4C33-B9D8-580254FED03B service */ 
ARM GAS  C:\Users\user\AppData\Local\Temp\ccGAXYj6.s 			page 2


  31:Generated_Source\PSoC4/BLE_custom.c ****         {
  32:Generated_Source\PSoC4/BLE_custom.c **** 
  33:Generated_Source\PSoC4/BLE_custom.c ****             /* C774EDAC-E573-45E1-97C6-8B5C18CC571A characteristic */
  34:Generated_Source\PSoC4/BLE_custom.c ****             {
  35:Generated_Source\PSoC4/BLE_custom.c ****                 0x0036u, /* Handle of the C774EDAC-E573-45E1-97C6-8B5C18CC571A characteristic */ 
  36:Generated_Source\PSoC4/BLE_custom.c ****                 
  37:Generated_Source\PSoC4/BLE_custom.c ****                 /* Array of Descriptors handles */
  38:Generated_Source\PSoC4/BLE_custom.c ****                 {
  39:Generated_Source\PSoC4/BLE_custom.c ****                     0x0037u, /* Handle of the Client Characteristic Configuration descriptor */ 
  40:Generated_Source\PSoC4/BLE_custom.c ****                     CYBLE_GATT_INVALID_ATTR_HANDLE_VALUE, 
  41:Generated_Source\PSoC4/BLE_custom.c ****                 }, 
  42:Generated_Source\PSoC4/BLE_custom.c ****             },
  43:Generated_Source\PSoC4/BLE_custom.c **** 
  44:Generated_Source\PSoC4/BLE_custom.c ****             /* DE3E5221-1308-439C-A13A-884DDC387CA7 characteristic */
  45:Generated_Source\PSoC4/BLE_custom.c ****             {
  46:Generated_Source\PSoC4/BLE_custom.c ****                 0x0039u, /* Handle of the DE3E5221-1308-439C-A13A-884DDC387CA7 characteristic */ 
  47:Generated_Source\PSoC4/BLE_custom.c ****                 
  48:Generated_Source\PSoC4/BLE_custom.c ****                 /* Array of Descriptors handles */
  49:Generated_Source\PSoC4/BLE_custom.c ****                 {
  50:Generated_Source\PSoC4/BLE_custom.c ****                     CYBLE_GATT_INVALID_ATTR_HANDLE_VALUE, 
  51:Generated_Source\PSoC4/BLE_custom.c ****                     CYBLE_GATT_INVALID_ATTR_HANDLE_VALUE, 
  52:Generated_Source\PSoC4/BLE_custom.c ****                 }, 
  53:Generated_Source\PSoC4/BLE_custom.c ****             },
  54:Generated_Source\PSoC4/BLE_custom.c **** 
  55:Generated_Source\PSoC4/BLE_custom.c ****             /* 8484039E-97D3-40C0-BB55-C70C17BADAE2 characteristic */
  56:Generated_Source\PSoC4/BLE_custom.c ****             {
  57:Generated_Source\PSoC4/BLE_custom.c ****                 0x003Bu, /* Handle of the 8484039E-97D3-40C0-BB55-C70C17BADAE2 characteristic */ 
  58:Generated_Source\PSoC4/BLE_custom.c ****                 
  59:Generated_Source\PSoC4/BLE_custom.c ****                 /* Array of Descriptors handles */
  60:Generated_Source\PSoC4/BLE_custom.c ****                 {
  61:Generated_Source\PSoC4/BLE_custom.c ****                     CYBLE_GATT_INVALID_ATTR_HANDLE_VALUE, 
  62:Generated_Source\PSoC4/BLE_custom.c ****                     CYBLE_GATT_INVALID_ATTR_HANDLE_VALUE, 
  63:Generated_Source\PSoC4/BLE_custom.c ****                 }, 
  64:Generated_Source\PSoC4/BLE_custom.c ****             },
  65:Generated_Source\PSoC4/BLE_custom.c ****         }, 
  66:Generated_Source\PSoC4/BLE_custom.c ****     },
  67:Generated_Source\PSoC4/BLE_custom.c **** 
  68:Generated_Source\PSoC4/BLE_custom.c ****     /* FE82 service */
  69:Generated_Source\PSoC4/BLE_custom.c ****     {
  70:Generated_Source\PSoC4/BLE_custom.c ****         0x003Cu, /* Handle of the FE82 service */ 
  71:Generated_Source\PSoC4/BLE_custom.c ****         {
  72:Generated_Source\PSoC4/BLE_custom.c **** 
  73:Generated_Source\PSoC4/BLE_custom.c ****             /* 0000FE82-0000-1000-0000-009132591325 characteristic */
  74:Generated_Source\PSoC4/BLE_custom.c ****             {
  75:Generated_Source\PSoC4/BLE_custom.c ****                 0x003Eu, /* Handle of the 0000FE82-0000-1000-0000-009132591325 characteristic */ 
  76:Generated_Source\PSoC4/BLE_custom.c ****                 
  77:Generated_Source\PSoC4/BLE_custom.c ****                 /* Array of Descriptors handles */
  78:Generated_Source\PSoC4/BLE_custom.c ****                 {
  79:Generated_Source\PSoC4/BLE_custom.c ****                     0x003Fu, /* Handle of the Custom Descriptor descriptor */ 
  80:Generated_Source\PSoC4/BLE_custom.c ****                     0x0040u, /* Handle of the Client Characteristic Configuration descriptor */ 
  81:Generated_Source\PSoC4/BLE_custom.c ****                 }, 
  82:Generated_Source\PSoC4/BLE_custom.c ****             },
  83:Generated_Source\PSoC4/BLE_custom.c ****             {
  84:Generated_Source\PSoC4/BLE_custom.c ****                 CYBLE_GATT_INVALID_ATTR_HANDLE_VALUE, 
  85:Generated_Source\PSoC4/BLE_custom.c ****                 
  86:Generated_Source\PSoC4/BLE_custom.c ****                 /* Array of Descriptors handles */
  87:Generated_Source\PSoC4/BLE_custom.c ****                 {
ARM GAS  C:\Users\user\AppData\Local\Temp\ccGAXYj6.s 			page 3


  88:Generated_Source\PSoC4/BLE_custom.c ****                     CYBLE_GATT_INVALID_ATTR_HANDLE_VALUE, 
  89:Generated_Source\PSoC4/BLE_custom.c ****                     CYBLE_GATT_INVALID_ATTR_HANDLE_VALUE, 
  90:Generated_Source\PSoC4/BLE_custom.c ****                 }, 
  91:Generated_Source\PSoC4/BLE_custom.c ****             },
  92:Generated_Source\PSoC4/BLE_custom.c ****             {
  93:Generated_Source\PSoC4/BLE_custom.c ****                 CYBLE_GATT_INVALID_ATTR_HANDLE_VALUE, 
  94:Generated_Source\PSoC4/BLE_custom.c ****                 
  95:Generated_Source\PSoC4/BLE_custom.c ****                 /* Array of Descriptors handles */
  96:Generated_Source\PSoC4/BLE_custom.c ****                 {
  97:Generated_Source\PSoC4/BLE_custom.c ****                     CYBLE_GATT_INVALID_ATTR_HANDLE_VALUE, 
  98:Generated_Source\PSoC4/BLE_custom.c ****                     CYBLE_GATT_INVALID_ATTR_HANDLE_VALUE, 
  99:Generated_Source\PSoC4/BLE_custom.c ****                 }, 
 100:Generated_Source\PSoC4/BLE_custom.c ****             },
 101:Generated_Source\PSoC4/BLE_custom.c ****         }, 
 102:Generated_Source\PSoC4/BLE_custom.c ****     },
 103:Generated_Source\PSoC4/BLE_custom.c **** 
 104:Generated_Source\PSoC4/BLE_custom.c ****     /* 00000300-0000-1000-0000-009132591325 service */
 105:Generated_Source\PSoC4/BLE_custom.c ****     {
 106:Generated_Source\PSoC4/BLE_custom.c ****         0x0041u, /* Handle of the 00000300-0000-1000-0000-009132591325 service */ 
 107:Generated_Source\PSoC4/BLE_custom.c ****         {
 108:Generated_Source\PSoC4/BLE_custom.c **** 
 109:Generated_Source\PSoC4/BLE_custom.c ****             /* Record Access Control Point characteristic */
 110:Generated_Source\PSoC4/BLE_custom.c ****             {
 111:Generated_Source\PSoC4/BLE_custom.c ****                 0x0043u, /* Handle of the Record Access Control Point characteristic */ 
 112:Generated_Source\PSoC4/BLE_custom.c ****                 
 113:Generated_Source\PSoC4/BLE_custom.c ****                 /* Array of Descriptors handles */
 114:Generated_Source\PSoC4/BLE_custom.c ****                 {
 115:Generated_Source\PSoC4/BLE_custom.c ****                     0x0044u, /* Handle of the Client Characteristic Configuration descriptor */ 
 116:Generated_Source\PSoC4/BLE_custom.c ****                     CYBLE_GATT_INVALID_ATTR_HANDLE_VALUE, 
 117:Generated_Source\PSoC4/BLE_custom.c ****                 }, 
 118:Generated_Source\PSoC4/BLE_custom.c ****             },
 119:Generated_Source\PSoC4/BLE_custom.c **** 
 120:Generated_Source\PSoC4/BLE_custom.c ****             /* 00000360-0000-1000-0000-009132591325 characteristic */
 121:Generated_Source\PSoC4/BLE_custom.c ****             {
 122:Generated_Source\PSoC4/BLE_custom.c ****                 0x0046u, /* Handle of the 00000360-0000-1000-0000-009132591325 characteristic */ 
 123:Generated_Source\PSoC4/BLE_custom.c ****                 
 124:Generated_Source\PSoC4/BLE_custom.c ****                 /* Array of Descriptors handles */
 125:Generated_Source\PSoC4/BLE_custom.c ****                 {
 126:Generated_Source\PSoC4/BLE_custom.c ****                     0x0047u, /* Handle of the Client Characteristic Configuration descriptor */ 
 127:Generated_Source\PSoC4/BLE_custom.c ****                     CYBLE_GATT_INVALID_ATTR_HANDLE_VALUE, 
 128:Generated_Source\PSoC4/BLE_custom.c ****                 }, 
 129:Generated_Source\PSoC4/BLE_custom.c ****             },
 130:Generated_Source\PSoC4/BLE_custom.c **** 
 131:Generated_Source\PSoC4/BLE_custom.c ****             /* 00000350-0000-1000-0000-009132591325 characteristic */
 132:Generated_Source\PSoC4/BLE_custom.c ****             {
 133:Generated_Source\PSoC4/BLE_custom.c ****                 0x0049u, /* Handle of the 00000350-0000-1000-0000-009132591325 characteristic */ 
 134:Generated_Source\PSoC4/BLE_custom.c ****                 
 135:Generated_Source\PSoC4/BLE_custom.c ****                 /* Array of Descriptors handles */
 136:Generated_Source\PSoC4/BLE_custom.c ****                 {
 137:Generated_Source\PSoC4/BLE_custom.c ****                     0x004Au, /* Handle of the Client Characteristic Configuration descriptor */ 
 138:Generated_Source\PSoC4/BLE_custom.c ****                     CYBLE_GATT_INVALID_ATTR_HANDLE_VALUE, 
 139:Generated_Source\PSoC4/BLE_custom.c ****                 }, 
 140:Generated_Source\PSoC4/BLE_custom.c ****             },
 141:Generated_Source\PSoC4/BLE_custom.c ****         }, 
 142:Generated_Source\PSoC4/BLE_custom.c ****     },
 143:Generated_Source\PSoC4/BLE_custom.c **** };
 144:Generated_Source\PSoC4/BLE_custom.c **** 
ARM GAS  C:\Users\user\AppData\Local\Temp\ccGAXYj6.s 			page 4


 145:Generated_Source\PSoC4/BLE_custom.c **** 
 146:Generated_Source\PSoC4/BLE_custom.c **** #endif /* (CYBLE_CUSTOM_SERVER) */
 147:Generated_Source\PSoC4/BLE_custom.c **** 
 148:Generated_Source\PSoC4/BLE_custom.c **** #ifdef CYBLE_CUSTOM_CLIENT
 149:Generated_Source\PSoC4/BLE_custom.c ****     
 150:Generated_Source\PSoC4/BLE_custom.c **** 
 151:Generated_Source\PSoC4/BLE_custom.c **** static uint16 cyBle_customDisServIndex;
 152:Generated_Source\PSoC4/BLE_custom.c **** static uint16 cyBle_customDisCharIndex;
 153:Generated_Source\PSoC4/BLE_custom.c **** 
 154:Generated_Source\PSoC4/BLE_custom.c **** #endif /* (CYBLE_CUSTOM_CLIENT) */
 155:Generated_Source\PSoC4/BLE_custom.c **** 
 156:Generated_Source\PSoC4/BLE_custom.c **** 
 157:Generated_Source\PSoC4/BLE_custom.c **** /****************************************************************************** 
 158:Generated_Source\PSoC4/BLE_custom.c **** * Function Name: CyBle_CustomInit
 159:Generated_Source\PSoC4/BLE_custom.c **** ***************************************************************************//**
 160:Generated_Source\PSoC4/BLE_custom.c **** * 
 161:Generated_Source\PSoC4/BLE_custom.c **** *  This function initializes Custom Service.
 162:Generated_Source\PSoC4/BLE_custom.c **** * 
 163:Generated_Source\PSoC4/BLE_custom.c **** * \return
 164:Generated_Source\PSoC4/BLE_custom.c **** *  None
 165:Generated_Source\PSoC4/BLE_custom.c **** * 
 166:Generated_Source\PSoC4/BLE_custom.c **** ******************************************************************************/
 167:Generated_Source\PSoC4/BLE_custom.c **** void CyBle_CustomInit(void)
 168:Generated_Source\PSoC4/BLE_custom.c **** {
  28              		.loc 1 168 0
  29              		.cfi_startproc
  30              		@ args = 0, pretend = 0, frame = 0
  31              		@ frame_needed = 0, uses_anonymous_args = 0
  32              		@ link register save eliminated.
 169:Generated_Source\PSoC4/BLE_custom.c ****     
 170:Generated_Source\PSoC4/BLE_custom.c **** #ifdef CYBLE_CUSTOM_CLIENT
 171:Generated_Source\PSoC4/BLE_custom.c **** 
 172:Generated_Source\PSoC4/BLE_custom.c ****     uint16 locServIndex;
 173:Generated_Source\PSoC4/BLE_custom.c ****     uint16 locCharIndex;
 174:Generated_Source\PSoC4/BLE_custom.c ****     uint16 locDescIndex;
 175:Generated_Source\PSoC4/BLE_custom.c ****     
 176:Generated_Source\PSoC4/BLE_custom.c ****     for(locServIndex = 0u; locServIndex < CYBLE_CUSTOMC_SERVICE_COUNT; locServIndex++)
 177:Generated_Source\PSoC4/BLE_custom.c ****     {
 178:Generated_Source\PSoC4/BLE_custom.c ****         if(cyBle_serverInfo[CYBLE_SRVI_CUSTOMS + locServIndex].range.startHandle == CYBLE_GATT_INVA
 179:Generated_Source\PSoC4/BLE_custom.c ****         {
 180:Generated_Source\PSoC4/BLE_custom.c ****             for(locCharIndex = 0u; locCharIndex < cyBle_customCServ[locServIndex].charCount; locCha
 181:Generated_Source\PSoC4/BLE_custom.c ****             {
 182:Generated_Source\PSoC4/BLE_custom.c ****                 cyBle_customCServ[locServIndex].customServChar[locCharIndex].
 183:Generated_Source\PSoC4/BLE_custom.c ****                     customServCharHandle = 0u;
 184:Generated_Source\PSoC4/BLE_custom.c ****                 
 185:Generated_Source\PSoC4/BLE_custom.c ****                 for(locDescIndex = 0u; locDescIndex < 
 186:Generated_Source\PSoC4/BLE_custom.c ****                     cyBle_customCServ[locServIndex].customServChar[locCharIndex].descCount; 
 187:Generated_Source\PSoC4/BLE_custom.c ****                         locDescIndex++)
 188:Generated_Source\PSoC4/BLE_custom.c ****                 {
 189:Generated_Source\PSoC4/BLE_custom.c ****                     cyBle_customCServ[locServIndex].customServChar[locCharIndex].
 190:Generated_Source\PSoC4/BLE_custom.c ****                         customServCharDesc[locDescIndex].descHandle = 0u;
 191:Generated_Source\PSoC4/BLE_custom.c ****                 }
 192:Generated_Source\PSoC4/BLE_custom.c ****             }
 193:Generated_Source\PSoC4/BLE_custom.c ****         }
 194:Generated_Source\PSoC4/BLE_custom.c ****     }
 195:Generated_Source\PSoC4/BLE_custom.c **** 
 196:Generated_Source\PSoC4/BLE_custom.c **** #endif /* (CYBLE_CUSTOM_CLIENT) */
ARM GAS  C:\Users\user\AppData\Local\Temp\ccGAXYj6.s 			page 5


 197:Generated_Source\PSoC4/BLE_custom.c **** }
  33              		.loc 1 197 0
  34              		@ sp needed
  35 0000 7047     		bx	lr
  36              		.cfi_endproc
  37              	.LFE2:
  38              		.size	CyBle_CustomInit, .-CyBle_CustomInit
  39              		.global	cyBle_customs
  40              		.section	.rodata
  41              		.align	1
  42              		.type	cyBle_customs, %object
  43              		.size	cyBle_customs, 60
  44              	cyBle_customs:
  45 0000 3400     		.short	52
  46 0002 3600     		.short	54
  47 0004 3700     		.short	55
  48 0006 0000     		.short	0
  49 0008 3900     		.short	57
  50 000a 0000     		.short	0
  51 000c 0000     		.short	0
  52 000e 3B00     		.short	59
  53 0010 0000     		.short	0
  54 0012 0000     		.short	0
  55 0014 3C00     		.short	60
  56 0016 3E00     		.short	62
  57 0018 3F00     		.short	63
  58 001a 4000     		.short	64
  59 001c 0000     		.short	0
  60 001e 0000     		.short	0
  61 0020 0000     		.short	0
  62 0022 0000     		.short	0
  63 0024 0000     		.short	0
  64 0026 0000     		.short	0
  65 0028 4100     		.short	65
  66 002a 4300     		.short	67
  67 002c 4400     		.short	68
  68 002e 0000     		.short	0
  69 0030 4600     		.short	70
  70 0032 4700     		.short	71
  71 0034 0000     		.short	0
  72 0036 4900     		.short	73
  73 0038 4A00     		.short	74
  74 003a 0000     		.short	0
  75              		.text
  76              	.Letext0:
  77              		.file 2 "Generated_Source\\PSoC4\\cytypes.h"
  78              		.file 3 "Generated_Source\\PSoC4\\BLE_StackGatt.h"
  79              		.file 4 "Generated_Source\\PSoC4\\BLE_Stack.h"
  80              		.file 5 "Generated_Source\\PSoC4\\BLE_bms.h"
  81              		.file 6 "Generated_Source\\PSoC4\\BLE_cgms.h"
  82              		.file 7 "Generated_Source\\PSoC4\\BLE_custom.h"
  83              		.file 8 "Generated_Source\\PSoC4\\BLE_dis.h"
  84              		.section	.debug_info,"",%progbits
  85              	.Ldebug_info0:
  86 0000 EC030000 		.4byte	0x3ec
  87 0004 0400     		.2byte	0x4
  88 0006 00000000 		.4byte	.Ldebug_abbrev0
ARM GAS  C:\Users\user\AppData\Local\Temp\ccGAXYj6.s 			page 6


  89 000a 04       		.byte	0x4
  90 000b 01       		.uleb128 0x1
  91 000c BF060000 		.4byte	.LASF119
  92 0010 0C       		.byte	0xc
  93 0011 C7030000 		.4byte	.LASF120
  94 0015 24000000 		.4byte	.LASF121
  95 0019 00000000 		.4byte	.Ldebug_ranges0+0
  96 001d 00000000 		.4byte	0
  97 0021 00000000 		.4byte	.Ldebug_line0
  98 0025 02       		.uleb128 0x2
  99 0026 01       		.byte	0x1
 100 0027 06       		.byte	0x6
 101 0028 45060000 		.4byte	.LASF0
 102 002c 02       		.uleb128 0x2
 103 002d 01       		.byte	0x1
 104 002e 08       		.byte	0x8
 105 002f B7050000 		.4byte	.LASF1
 106 0033 02       		.uleb128 0x2
 107 0034 02       		.byte	0x2
 108 0035 05       		.byte	0x5
 109 0036 43010000 		.4byte	.LASF2
 110 003a 02       		.uleb128 0x2
 111 003b 02       		.byte	0x2
 112 003c 07       		.byte	0x7
 113 003d F4080000 		.4byte	.LASF3
 114 0041 02       		.uleb128 0x2
 115 0042 04       		.byte	0x4
 116 0043 05       		.byte	0x5
 117 0044 38040000 		.4byte	.LASF4
 118 0048 02       		.uleb128 0x2
 119 0049 04       		.byte	0x4
 120 004a 07       		.byte	0x7
 121 004b 68070000 		.4byte	.LASF5
 122 004f 02       		.uleb128 0x2
 123 0050 08       		.byte	0x8
 124 0051 05       		.byte	0x5
 125 0052 C7010000 		.4byte	.LASF6
 126 0056 02       		.uleb128 0x2
 127 0057 08       		.byte	0x8
 128 0058 07       		.byte	0x7
 129 0059 EB030000 		.4byte	.LASF7
 130 005d 03       		.uleb128 0x3
 131 005e 04       		.byte	0x4
 132 005f 05       		.byte	0x5
 133 0060 696E7400 		.ascii	"int\000"
 134 0064 02       		.uleb128 0x2
 135 0065 04       		.byte	0x4
 136 0066 07       		.byte	0x7
 137 0067 A2060000 		.4byte	.LASF8
 138 006b 04       		.uleb128 0x4
 139 006c A6020000 		.4byte	.LASF86
 140 0070 02       		.byte	0x2
 141 0071 FD01     		.2byte	0x1fd
 142 0073 3A000000 		.4byte	0x3a
 143 0077 02       		.uleb128 0x2
 144 0078 04       		.byte	0x4
 145 0079 04       		.byte	0x4
ARM GAS  C:\Users\user\AppData\Local\Temp\ccGAXYj6.s 			page 7


 146 007a 7C030000 		.4byte	.LASF9
 147 007e 02       		.uleb128 0x2
 148 007f 08       		.byte	0x8
 149 0080 04       		.byte	0x4
 150 0081 DD090000 		.4byte	.LASF10
 151 0085 02       		.uleb128 0x2
 152 0086 01       		.byte	0x1
 153 0087 08       		.byte	0x8
 154 0088 AF080000 		.4byte	.LASF11
 155 008c 02       		.uleb128 0x2
 156 008d 08       		.byte	0x8
 157 008e 04       		.byte	0x4
 158 008f 85050000 		.4byte	.LASF12
 159 0093 02       		.uleb128 0x2
 160 0094 04       		.byte	0x4
 161 0095 07       		.byte	0x7
 162 0096 85010000 		.4byte	.LASF13
 163 009a 05       		.uleb128 0x5
 164 009b 01       		.byte	0x1
 165 009c 2C000000 		.4byte	0x2c
 166 00a0 04       		.byte	0x4
 167 00a1 3501     		.2byte	0x135
 168 00a3 58020000 		.4byte	0x258
 169 00a7 06       		.uleb128 0x6
 170 00a8 26030000 		.4byte	.LASF14
 171 00ac 00       		.byte	0
 172 00ad 06       		.uleb128 0x6
 173 00ae 30020000 		.4byte	.LASF15
 174 00b2 01       		.byte	0x1
 175 00b3 06       		.uleb128 0x6
 176 00b4 D90B0000 		.4byte	.LASF16
 177 00b8 02       		.byte	0x2
 178 00b9 06       		.uleb128 0x6
 179 00ba 740A0000 		.4byte	.LASF17
 180 00be 03       		.byte	0x3
 181 00bf 06       		.uleb128 0x6
 182 00c0 0A020000 		.4byte	.LASF18
 183 00c4 04       		.byte	0x4
 184 00c5 06       		.uleb128 0x6
 185 00c6 DA040000 		.4byte	.LASF19
 186 00ca 05       		.byte	0x5
 187 00cb 06       		.uleb128 0x6
 188 00cc D9000000 		.4byte	.LASF20
 189 00d0 06       		.byte	0x6
 190 00d1 06       		.uleb128 0x6
 191 00d2 D20A0000 		.4byte	.LASF21
 192 00d6 20       		.byte	0x20
 193 00d7 06       		.uleb128 0x6
 194 00d8 7A070000 		.4byte	.LASF22
 195 00dc 21       		.byte	0x21
 196 00dd 06       		.uleb128 0x6
 197 00de 00000000 		.4byte	.LASF23
 198 00e2 22       		.byte	0x22
 199 00e3 06       		.uleb128 0x6
 200 00e4 0D050000 		.4byte	.LASF24
 201 00e8 23       		.byte	0x23
 202 00e9 06       		.uleb128 0x6
ARM GAS  C:\Users\user\AppData\Local\Temp\ccGAXYj6.s 			page 8


 203 00ea 82030000 		.4byte	.LASF25
 204 00ee 24       		.byte	0x24
 205 00ef 06       		.uleb128 0x6
 206 00f0 4D010000 		.4byte	.LASF26
 207 00f4 25       		.byte	0x25
 208 00f5 06       		.uleb128 0x6
 209 00f6 91040000 		.4byte	.LASF27
 210 00fa 26       		.byte	0x26
 211 00fb 06       		.uleb128 0x6
 212 00fc 72040000 		.4byte	.LASF28
 213 0100 27       		.byte	0x27
 214 0101 06       		.uleb128 0x6
 215 0102 01010000 		.4byte	.LASF29
 216 0106 28       		.byte	0x28
 217 0107 06       		.uleb128 0x6
 218 0108 B2070000 		.4byte	.LASF30
 219 010c 29       		.byte	0x29
 220 010d 06       		.uleb128 0x6
 221 010e 5F080000 		.4byte	.LASF31
 222 0112 2A       		.byte	0x2a
 223 0113 06       		.uleb128 0x6
 224 0114 7D090000 		.4byte	.LASF32
 225 0118 2B       		.byte	0x2b
 226 0119 06       		.uleb128 0x6
 227 011a 23080000 		.4byte	.LASF33
 228 011e 2C       		.byte	0x2c
 229 011f 06       		.uleb128 0x6
 230 0120 9E030000 		.4byte	.LASF34
 231 0124 2D       		.byte	0x2d
 232 0125 06       		.uleb128 0x6
 233 0126 B4080000 		.4byte	.LASF35
 234 012a 2E       		.byte	0x2e
 235 012b 06       		.uleb128 0x6
 236 012c 180D0000 		.4byte	.LASF36
 237 0130 2F       		.byte	0x2f
 238 0131 06       		.uleb128 0x6
 239 0132 8E010000 		.4byte	.LASF37
 240 0136 30       		.byte	0x30
 241 0137 06       		.uleb128 0x6
 242 0138 61050000 		.4byte	.LASF38
 243 013c 31       		.byte	0x31
 244 013d 06       		.uleb128 0x6
 245 013e 07090000 		.4byte	.LASF39
 246 0142 32       		.byte	0x32
 247 0143 06       		.uleb128 0x6
 248 0144 88080000 		.4byte	.LASF40
 249 0148 33       		.byte	0x33
 250 0149 06       		.uleb128 0x6
 251 014a CF070000 		.4byte	.LASF41
 252 014e 34       		.byte	0x34
 253 014f 06       		.uleb128 0x6
 254 0150 460A0000 		.4byte	.LASF42
 255 0154 35       		.byte	0x35
 256 0155 06       		.uleb128 0x6
 257 0156 17040000 		.4byte	.LASF43
 258 015a 36       		.byte	0x36
 259 015b 06       		.uleb128 0x6
ARM GAS  C:\Users\user\AppData\Local\Temp\ccGAXYj6.s 			page 9


 260 015c 43020000 		.4byte	.LASF44
 261 0160 37       		.byte	0x37
 262 0161 06       		.uleb128 0x6
 263 0162 E4090000 		.4byte	.LASF45
 264 0166 40       		.byte	0x40
 265 0167 06       		.uleb128 0x6
 266 0168 4D070000 		.4byte	.LASF46
 267 016c 41       		.byte	0x41
 268 016d 06       		.uleb128 0x6
 269 016e 67010000 		.4byte	.LASF47
 270 0172 42       		.byte	0x42
 271 0173 06       		.uleb128 0x6
 272 0174 78020000 		.4byte	.LASF48
 273 0178 43       		.byte	0x43
 274 0179 06       		.uleb128 0x6
 275 017a 800B0000 		.4byte	.LASF49
 276 017e 44       		.byte	0x44
 277 017f 06       		.uleb128 0x6
 278 0180 210B0000 		.4byte	.LASF50
 279 0184 45       		.byte	0x45
 280 0185 06       		.uleb128 0x6
 281 0186 5F0B0000 		.4byte	.LASF51
 282 018a 46       		.byte	0x46
 283 018b 06       		.uleb128 0x6
 284 018c 27060000 		.4byte	.LASF52
 285 0190 47       		.byte	0x47
 286 0191 06       		.uleb128 0x6
 287 0192 6B060000 		.4byte	.LASF53
 288 0196 48       		.byte	0x48
 289 0197 06       		.uleb128 0x6
 290 0198 E7070000 		.4byte	.LASF54
 291 019c 49       		.byte	0x49
 292 019d 06       		.uleb128 0x6
 293 019e 40090000 		.4byte	.LASF55
 294 01a2 4A       		.byte	0x4a
 295 01a3 06       		.uleb128 0x6
 296 01a4 E6020000 		.4byte	.LASF56
 297 01a8 4B       		.byte	0x4b
 298 01a9 06       		.uleb128 0x6
 299 01aa 51060000 		.4byte	.LASF57
 300 01ae 4C       		.byte	0x4c
 301 01af 06       		.uleb128 0x6
 302 01b0 BF000000 		.4byte	.LASF58
 303 01b4 4D       		.byte	0x4d
 304 01b5 06       		.uleb128 0x6
 305 01b6 EC010000 		.4byte	.LASF59
 306 01ba 4E       		.byte	0x4e
 307 01bb 06       		.uleb128 0x6
 308 01bc D4050000 		.4byte	.LASF60
 309 01c0 4F       		.byte	0x4f
 310 01c1 06       		.uleb128 0x6
 311 01c2 5A0C0000 		.4byte	.LASF61
 312 01c6 50       		.byte	0x50
 313 01c7 06       		.uleb128 0x6
 314 01c8 5E090000 		.4byte	.LASF62
 315 01cc 51       		.byte	0x51
 316 01cd 06       		.uleb128 0x6
ARM GAS  C:\Users\user\AppData\Local\Temp\ccGAXYj6.s 			page 10


 317 01ce B9040000 		.4byte	.LASF63
 318 01d2 52       		.byte	0x52
 319 01d3 06       		.uleb128 0x6
 320 01d4 41040000 		.4byte	.LASF64
 321 01d8 53       		.byte	0x53
 322 01d9 06       		.uleb128 0x6
 323 01da 05030000 		.4byte	.LASF65
 324 01de 54       		.byte	0x54
 325 01df 06       		.uleb128 0x6
 326 01e0 CE0C0000 		.4byte	.LASF66
 327 01e4 55       		.byte	0x55
 328 01e5 06       		.uleb128 0x6
 329 01e6 380C0000 		.4byte	.LASF67
 330 01ea 56       		.byte	0x56
 331 01eb 06       		.uleb128 0x6
 332 01ec 0F0C0000 		.4byte	.LASF68
 333 01f0 57       		.byte	0x57
 334 01f1 06       		.uleb128 0x6
 335 01f2 00080000 		.4byte	.LASF69
 336 01f6 58       		.byte	0x58
 337 01f7 06       		.uleb128 0x6
 338 01f8 91050000 		.4byte	.LASF70
 339 01fc 70       		.byte	0x70
 340 01fd 06       		.uleb128 0x6
 341 01fe AC0A0000 		.4byte	.LASF71
 342 0202 71       		.byte	0x71
 343 0203 06       		.uleb128 0x6
 344 0204 D8080000 		.4byte	.LASF72
 345 0208 72       		.byte	0x72
 346 0209 06       		.uleb128 0x6
 347 020a 3D030000 		.4byte	.LASF73
 348 020e 73       		.byte	0x73
 349 020f 06       		.uleb128 0x6
 350 0210 43050000 		.4byte	.LASF74
 351 0214 74       		.byte	0x74
 352 0215 06       		.uleb128 0x6
 353 0216 91070000 		.4byte	.LASF75
 354 021a 75       		.byte	0x75
 355 021b 06       		.uleb128 0x6
 356 021c 5B030000 		.4byte	.LASF76
 357 0220 76       		.byte	0x76
 358 0221 06       		.uleb128 0x6
 359 0222 8D0A0000 		.4byte	.LASF77
 360 0226 77       		.byte	0x77
 361 0227 06       		.uleb128 0x6
 362 0228 BA090000 		.4byte	.LASF78
 363 022c 78       		.byte	0x78
 364 022d 06       		.uleb128 0x6
 365 022e FE090000 		.4byte	.LASF79
 366 0232 79       		.byte	0x79
 367 0233 06       		.uleb128 0x6
 368 0234 B50B0000 		.4byte	.LASF80
 369 0238 7A       		.byte	0x7a
 370 0239 06       		.uleb128 0x6
 371 023a 9C090000 		.4byte	.LASF81
 372 023e FA       		.byte	0xfa
 373 023f 06       		.uleb128 0x6
ARM GAS  C:\Users\user\AppData\Local\Temp\ccGAXYj6.s 			page 11


 374 0240 F3050000 		.4byte	.LASF82
 375 0244 FB       		.byte	0xfb
 376 0245 06       		.uleb128 0x6
 377 0246 F20C0000 		.4byte	.LASF83
 378 024a FC       		.byte	0xfc
 379 024b 06       		.uleb128 0x6
 380 024c 47080000 		.4byte	.LASF84
 381 0250 FD       		.byte	0xfd
 382 0251 06       		.uleb128 0x6
 383 0252 010C0000 		.4byte	.LASF85
 384 0256 FF       		.byte	0xff
 385 0257 00       		.byte	0
 386 0258 04       		.uleb128 0x4
 387 0259 8E0C0000 		.4byte	.LASF87
 388 025d 03       		.byte	0x3
 389 025e 8901     		.2byte	0x189
 390 0260 6B000000 		.4byte	0x6b
 391 0264 07       		.uleb128 0x7
 392 0265 01       		.byte	0x1
 393 0266 2C000000 		.4byte	0x2c
 394 026a 05       		.byte	0x5
 395 026b 22       		.byte	0x22
 396 026c 83020000 		.4byte	0x283
 397 0270 06       		.uleb128 0x6
 398 0271 C4020000 		.4byte	.LASF88
 399 0275 00       		.byte	0
 400 0276 06       		.uleb128 0x6
 401 0277 F2000000 		.4byte	.LASF89
 402 027b 01       		.byte	0x1
 403 027c 06       		.uleb128 0x6
 404 027d 790C0000 		.4byte	.LASF90
 405 0281 02       		.byte	0x2
 406 0282 00       		.byte	0
 407 0283 07       		.uleb128 0x7
 408 0284 01       		.byte	0x1
 409 0285 2C000000 		.4byte	0x2c
 410 0289 05       		.byte	0x5
 411 028a 2A       		.byte	0x2a
 412 028b 9C020000 		.4byte	0x29c
 413 028f 06       		.uleb128 0x6
 414 0290 120B0000 		.4byte	.LASF91
 415 0294 00       		.byte	0
 416 0295 06       		.uleb128 0x6
 417 0296 AA0C0000 		.4byte	.LASF92
 418 029a 01       		.byte	0x1
 419 029b 00       		.byte	0
 420 029c 07       		.uleb128 0x7
 421 029d 01       		.byte	0x1
 422 029e 2C000000 		.4byte	0x2c
 423 02a2 06       		.byte	0x6
 424 02a3 22       		.byte	0x22
 425 02a4 D9020000 		.4byte	0x2d9
 426 02a8 06       		.uleb128 0x6
 427 02a9 92060000 		.4byte	.LASF93
 428 02ad 00       		.byte	0
 429 02ae 06       		.uleb128 0x6
 430 02af 210A0000 		.4byte	.LASF94
ARM GAS  C:\Users\user\AppData\Local\Temp\ccGAXYj6.s 			page 12


 431 02b3 01       		.byte	0x1
 432 02b4 06       		.uleb128 0x6
 433 02b5 33010000 		.4byte	.LASF95
 434 02b9 02       		.byte	0x2
 435 02ba 06       		.uleb128 0x6
 436 02bb 23010000 		.4byte	.LASF96
 437 02bf 03       		.byte	0x3
 438 02c0 06       		.uleb128 0x6
 439 02c1 AF060000 		.4byte	.LASF97
 440 02c5 04       		.byte	0x4
 441 02c6 06       		.uleb128 0x6
 442 02c7 62040000 		.4byte	.LASF98
 443 02cb 05       		.byte	0x5
 444 02cc 06       		.uleb128 0x6
 445 02cd AF000000 		.4byte	.LASF99
 446 02d1 06       		.byte	0x6
 447 02d2 06       		.uleb128 0x6
 448 02d3 EB0B0000 		.4byte	.LASF100
 449 02d7 07       		.byte	0x7
 450 02d8 00       		.byte	0
 451 02d9 07       		.uleb128 0x7
 452 02da 01       		.byte	0x1
 453 02db 2C000000 		.4byte	0x2c
 454 02df 06       		.byte	0x6
 455 02e0 2F       		.byte	0x2f
 456 02e1 F2020000 		.4byte	0x2f2
 457 02e5 06       		.uleb128 0x6
 458 02e6 96020000 		.4byte	.LASF101
 459 02ea 00       		.byte	0
 460 02eb 06       		.uleb128 0x6
 461 02ec AD020000 		.4byte	.LASF102
 462 02f0 01       		.byte	0x1
 463 02f1 00       		.byte	0
 464 02f2 08       		.uleb128 0x8
 465 02f3 06       		.byte	0x6
 466 02f4 07       		.byte	0x7
 467 02f5 65       		.byte	0x65
 468 02f6 13030000 		.4byte	0x313
 469 02fa 09       		.uleb128 0x9
 470 02fb 12060000 		.4byte	.LASF103
 471 02ff 07       		.byte	0x7
 472 0300 68       		.byte	0x68
 473 0301 58020000 		.4byte	0x258
 474 0305 00       		.byte	0
 475 0306 09       		.uleb128 0x9
 476 0307 D3020000 		.4byte	.LASF104
 477 030b 07       		.byte	0x7
 478 030c 6A       		.byte	0x6a
 479 030d 13030000 		.4byte	0x313
 480 0311 02       		.byte	0x2
 481 0312 00       		.byte	0
 482 0313 0A       		.uleb128 0xa
 483 0314 58020000 		.4byte	0x258
 484 0318 23030000 		.4byte	0x323
 485 031c 0B       		.uleb128 0xb
 486 031d 93000000 		.4byte	0x93
 487 0321 01       		.byte	0x1
ARM GAS  C:\Users\user\AppData\Local\Temp\ccGAXYj6.s 			page 13


 488 0322 00       		.byte	0
 489 0323 0C       		.uleb128 0xc
 490 0324 02040000 		.4byte	.LASF105
 491 0328 07       		.byte	0x7
 492 0329 6C       		.byte	0x6c
 493 032a F2020000 		.4byte	0x2f2
 494 032e 08       		.uleb128 0x8
 495 032f 14       		.byte	0x14
 496 0330 07       		.byte	0x7
 497 0331 6F       		.byte	0x6f
 498 0332 4F030000 		.4byte	0x34f
 499 0336 09       		.uleb128 0x9
 500 0337 630A0000 		.4byte	.LASF106
 501 033b 07       		.byte	0x7
 502 033c 72       		.byte	0x72
 503 033d 58020000 		.4byte	0x258
 504 0341 00       		.byte	0
 505 0342 09       		.uleb128 0x9
 506 0343 C5050000 		.4byte	.LASF107
 507 0347 07       		.byte	0x7
 508 0348 75       		.byte	0x75
 509 0349 4F030000 		.4byte	0x34f
 510 034d 02       		.byte	0x2
 511 034e 00       		.byte	0
 512 034f 0A       		.uleb128 0xa
 513 0350 23030000 		.4byte	0x323
 514 0354 5F030000 		.4byte	0x35f
 515 0358 0B       		.uleb128 0xb
 516 0359 93000000 		.4byte	0x93
 517 035d 02       		.byte	0x2
 518 035e 00       		.byte	0
 519 035f 0C       		.uleb128 0xc
 520 0360 33050000 		.4byte	.LASF108
 521 0364 07       		.byte	0x7
 522 0365 77       		.byte	0x77
 523 0366 2E030000 		.4byte	0x32e
 524 036a 07       		.uleb128 0x7
 525 036b 01       		.byte	0x1
 526 036c 2C000000 		.4byte	0x2c
 527 0370 08       		.byte	0x8
 528 0371 22       		.byte	0x22
 529 0372 B3030000 		.4byte	0x3b3
 530 0376 06       		.uleb128 0x6
 531 0377 F60A0000 		.4byte	.LASF109
 532 037b 00       		.byte	0
 533 037c 06       		.uleb128 0x6
 534 037d F6040000 		.4byte	.LASF110
 535 0381 01       		.byte	0x1
 536 0382 06       		.uleb128 0x6
 537 0383 AF010000 		.4byte	.LASF111
 538 0387 02       		.byte	0x2
 539 0388 06       		.uleb128 0x6
 540 0389 9E0B0000 		.4byte	.LASF112
 541 038d 03       		.byte	0x3
 542 038e 06       		.uleb128 0x6
 543 038f 480B0000 		.4byte	.LASF113
 544 0393 04       		.byte	0x4
ARM GAS  C:\Users\user\AppData\Local\Temp\ccGAXYj6.s 			page 14


 545 0394 06       		.uleb128 0x6
 546 0395 D5010000 		.4byte	.LASF114
 547 0399 05       		.byte	0x5
 548 039a 06       		.uleb128 0x6
 549 039b 040D0000 		.4byte	.LASF115
 550 039f 06       		.byte	0x6
 551 03a0 06       		.uleb128 0x6
 552 03a1 28090000 		.4byte	.LASF116
 553 03a5 07       		.byte	0x7
 554 03a6 06       		.uleb128 0x6
 555 03a7 410D0000 		.4byte	.LASF117
 556 03ab 08       		.byte	0x8
 557 03ac 06       		.uleb128 0x6
 558 03ad 310A0000 		.4byte	.LASF118
 559 03b1 09       		.byte	0x9
 560 03b2 00       		.byte	0
 561 03b3 0D       		.uleb128 0xd
 562 03b4 1F020000 		.4byte	.LASF122
 563 03b8 01       		.byte	0x1
 564 03b9 A7       		.byte	0xa7
 565 03ba 00000000 		.4byte	.LFB2
 566 03be 02000000 		.4byte	.LFE2-.LFB2
 567 03c2 01       		.uleb128 0x1
 568 03c3 9C       		.byte	0x9c
 569 03c4 0A       		.uleb128 0xa
 570 03c5 D4030000 		.4byte	0x3d4
 571 03c9 D4030000 		.4byte	0x3d4
 572 03cd 0B       		.uleb128 0xb
 573 03ce 93000000 		.4byte	0x93
 574 03d2 02       		.byte	0x2
 575 03d3 00       		.byte	0
 576 03d4 0E       		.uleb128 0xe
 577 03d5 5F030000 		.4byte	0x35f
 578 03d9 0F       		.uleb128 0xf
 579 03da C00C0000 		.4byte	.LASF123
 580 03de 01       		.byte	0x1
 581 03df 1A       		.byte	0x1a
 582 03e0 EA030000 		.4byte	0x3ea
 583 03e4 05       		.uleb128 0x5
 584 03e5 03       		.byte	0x3
 585 03e6 00000000 		.4byte	cyBle_customs
 586 03ea 0E       		.uleb128 0xe
 587 03eb C4030000 		.4byte	0x3c4
 588 03ef 00       		.byte	0
 589              		.section	.debug_abbrev,"",%progbits
 590              	.Ldebug_abbrev0:
 591 0000 01       		.uleb128 0x1
 592 0001 11       		.uleb128 0x11
 593 0002 01       		.byte	0x1
 594 0003 25       		.uleb128 0x25
 595 0004 0E       		.uleb128 0xe
 596 0005 13       		.uleb128 0x13
 597 0006 0B       		.uleb128 0xb
 598 0007 03       		.uleb128 0x3
 599 0008 0E       		.uleb128 0xe
 600 0009 1B       		.uleb128 0x1b
 601 000a 0E       		.uleb128 0xe
ARM GAS  C:\Users\user\AppData\Local\Temp\ccGAXYj6.s 			page 15


 602 000b 55       		.uleb128 0x55
 603 000c 17       		.uleb128 0x17
 604 000d 11       		.uleb128 0x11
 605 000e 01       		.uleb128 0x1
 606 000f 10       		.uleb128 0x10
 607 0010 17       		.uleb128 0x17
 608 0011 00       		.byte	0
 609 0012 00       		.byte	0
 610 0013 02       		.uleb128 0x2
 611 0014 24       		.uleb128 0x24
 612 0015 00       		.byte	0
 613 0016 0B       		.uleb128 0xb
 614 0017 0B       		.uleb128 0xb
 615 0018 3E       		.uleb128 0x3e
 616 0019 0B       		.uleb128 0xb
 617 001a 03       		.uleb128 0x3
 618 001b 0E       		.uleb128 0xe
 619 001c 00       		.byte	0
 620 001d 00       		.byte	0
 621 001e 03       		.uleb128 0x3
 622 001f 24       		.uleb128 0x24
 623 0020 00       		.byte	0
 624 0021 0B       		.uleb128 0xb
 625 0022 0B       		.uleb128 0xb
 626 0023 3E       		.uleb128 0x3e
 627 0024 0B       		.uleb128 0xb
 628 0025 03       		.uleb128 0x3
 629 0026 08       		.uleb128 0x8
 630 0027 00       		.byte	0
 631 0028 00       		.byte	0
 632 0029 04       		.uleb128 0x4
 633 002a 16       		.uleb128 0x16
 634 002b 00       		.byte	0
 635 002c 03       		.uleb128 0x3
 636 002d 0E       		.uleb128 0xe
 637 002e 3A       		.uleb128 0x3a
 638 002f 0B       		.uleb128 0xb
 639 0030 3B       		.uleb128 0x3b
 640 0031 05       		.uleb128 0x5
 641 0032 49       		.uleb128 0x49
 642 0033 13       		.uleb128 0x13
 643 0034 00       		.byte	0
 644 0035 00       		.byte	0
 645 0036 05       		.uleb128 0x5
 646 0037 04       		.uleb128 0x4
 647 0038 01       		.byte	0x1
 648 0039 0B       		.uleb128 0xb
 649 003a 0B       		.uleb128 0xb
 650 003b 49       		.uleb128 0x49
 651 003c 13       		.uleb128 0x13
 652 003d 3A       		.uleb128 0x3a
 653 003e 0B       		.uleb128 0xb
 654 003f 3B       		.uleb128 0x3b
 655 0040 05       		.uleb128 0x5
 656 0041 01       		.uleb128 0x1
 657 0042 13       		.uleb128 0x13
 658 0043 00       		.byte	0
ARM GAS  C:\Users\user\AppData\Local\Temp\ccGAXYj6.s 			page 16


 659 0044 00       		.byte	0
 660 0045 06       		.uleb128 0x6
 661 0046 28       		.uleb128 0x28
 662 0047 00       		.byte	0
 663 0048 03       		.uleb128 0x3
 664 0049 0E       		.uleb128 0xe
 665 004a 1C       		.uleb128 0x1c
 666 004b 0B       		.uleb128 0xb
 667 004c 00       		.byte	0
 668 004d 00       		.byte	0
 669 004e 07       		.uleb128 0x7
 670 004f 04       		.uleb128 0x4
 671 0050 01       		.byte	0x1
 672 0051 0B       		.uleb128 0xb
 673 0052 0B       		.uleb128 0xb
 674 0053 49       		.uleb128 0x49
 675 0054 13       		.uleb128 0x13
 676 0055 3A       		.uleb128 0x3a
 677 0056 0B       		.uleb128 0xb
 678 0057 3B       		.uleb128 0x3b
 679 0058 0B       		.uleb128 0xb
 680 0059 01       		.uleb128 0x1
 681 005a 13       		.uleb128 0x13
 682 005b 00       		.byte	0
 683 005c 00       		.byte	0
 684 005d 08       		.uleb128 0x8
 685 005e 13       		.uleb128 0x13
 686 005f 01       		.byte	0x1
 687 0060 0B       		.uleb128 0xb
 688 0061 0B       		.uleb128 0xb
 689 0062 3A       		.uleb128 0x3a
 690 0063 0B       		.uleb128 0xb
 691 0064 3B       		.uleb128 0x3b
 692 0065 0B       		.uleb128 0xb
 693 0066 01       		.uleb128 0x1
 694 0067 13       		.uleb128 0x13
 695 0068 00       		.byte	0
 696 0069 00       		.byte	0
 697 006a 09       		.uleb128 0x9
 698 006b 0D       		.uleb128 0xd
 699 006c 00       		.byte	0
 700 006d 03       		.uleb128 0x3
 701 006e 0E       		.uleb128 0xe
 702 006f 3A       		.uleb128 0x3a
 703 0070 0B       		.uleb128 0xb
 704 0071 3B       		.uleb128 0x3b
 705 0072 0B       		.uleb128 0xb
 706 0073 49       		.uleb128 0x49
 707 0074 13       		.uleb128 0x13
 708 0075 38       		.uleb128 0x38
 709 0076 0B       		.uleb128 0xb
 710 0077 00       		.byte	0
 711 0078 00       		.byte	0
 712 0079 0A       		.uleb128 0xa
 713 007a 01       		.uleb128 0x1
 714 007b 01       		.byte	0x1
 715 007c 49       		.uleb128 0x49
ARM GAS  C:\Users\user\AppData\Local\Temp\ccGAXYj6.s 			page 17


 716 007d 13       		.uleb128 0x13
 717 007e 01       		.uleb128 0x1
 718 007f 13       		.uleb128 0x13
 719 0080 00       		.byte	0
 720 0081 00       		.byte	0
 721 0082 0B       		.uleb128 0xb
 722 0083 21       		.uleb128 0x21
 723 0084 00       		.byte	0
 724 0085 49       		.uleb128 0x49
 725 0086 13       		.uleb128 0x13
 726 0087 2F       		.uleb128 0x2f
 727 0088 0B       		.uleb128 0xb
 728 0089 00       		.byte	0
 729 008a 00       		.byte	0
 730 008b 0C       		.uleb128 0xc
 731 008c 16       		.uleb128 0x16
 732 008d 00       		.byte	0
 733 008e 03       		.uleb128 0x3
 734 008f 0E       		.uleb128 0xe
 735 0090 3A       		.uleb128 0x3a
 736 0091 0B       		.uleb128 0xb
 737 0092 3B       		.uleb128 0x3b
 738 0093 0B       		.uleb128 0xb
 739 0094 49       		.uleb128 0x49
 740 0095 13       		.uleb128 0x13
 741 0096 00       		.byte	0
 742 0097 00       		.byte	0
 743 0098 0D       		.uleb128 0xd
 744 0099 2E       		.uleb128 0x2e
 745 009a 00       		.byte	0
 746 009b 3F       		.uleb128 0x3f
 747 009c 19       		.uleb128 0x19
 748 009d 03       		.uleb128 0x3
 749 009e 0E       		.uleb128 0xe
 750 009f 3A       		.uleb128 0x3a
 751 00a0 0B       		.uleb128 0xb
 752 00a1 3B       		.uleb128 0x3b
 753 00a2 0B       		.uleb128 0xb
 754 00a3 27       		.uleb128 0x27
 755 00a4 19       		.uleb128 0x19
 756 00a5 11       		.uleb128 0x11
 757 00a6 01       		.uleb128 0x1
 758 00a7 12       		.uleb128 0x12
 759 00a8 06       		.uleb128 0x6
 760 00a9 40       		.uleb128 0x40
 761 00aa 18       		.uleb128 0x18
 762 00ab 9742     		.uleb128 0x2117
 763 00ad 19       		.uleb128 0x19
 764 00ae 00       		.byte	0
 765 00af 00       		.byte	0
 766 00b0 0E       		.uleb128 0xe
 767 00b1 26       		.uleb128 0x26
 768 00b2 00       		.byte	0
 769 00b3 49       		.uleb128 0x49
 770 00b4 13       		.uleb128 0x13
 771 00b5 00       		.byte	0
 772 00b6 00       		.byte	0
ARM GAS  C:\Users\user\AppData\Local\Temp\ccGAXYj6.s 			page 18


 773 00b7 0F       		.uleb128 0xf
 774 00b8 34       		.uleb128 0x34
 775 00b9 00       		.byte	0
 776 00ba 03       		.uleb128 0x3
 777 00bb 0E       		.uleb128 0xe
 778 00bc 3A       		.uleb128 0x3a
 779 00bd 0B       		.uleb128 0xb
 780 00be 3B       		.uleb128 0x3b
 781 00bf 0B       		.uleb128 0xb
 782 00c0 49       		.uleb128 0x49
 783 00c1 13       		.uleb128 0x13
 784 00c2 3F       		.uleb128 0x3f
 785 00c3 19       		.uleb128 0x19
 786 00c4 02       		.uleb128 0x2
 787 00c5 18       		.uleb128 0x18
 788 00c6 00       		.byte	0
 789 00c7 00       		.byte	0
 790 00c8 00       		.byte	0
 791              		.section	.debug_aranges,"",%progbits
 792 0000 1C000000 		.4byte	0x1c
 793 0004 0200     		.2byte	0x2
 794 0006 00000000 		.4byte	.Ldebug_info0
 795 000a 04       		.byte	0x4
 796 000b 00       		.byte	0
 797 000c 0000     		.2byte	0
 798 000e 0000     		.2byte	0
 799 0010 00000000 		.4byte	.LFB2
 800 0014 02000000 		.4byte	.LFE2-.LFB2
 801 0018 00000000 		.4byte	0
 802 001c 00000000 		.4byte	0
 803              		.section	.debug_ranges,"",%progbits
 804              	.Ldebug_ranges0:
 805 0000 00000000 		.4byte	.LFB2
 806 0004 02000000 		.4byte	.LFE2
 807 0008 00000000 		.4byte	0
 808 000c 00000000 		.4byte	0
 809              		.section	.debug_line,"",%progbits
 810              	.Ldebug_line0:
 811 0000 BA000000 		.section	.debug_str,"MS",%progbits,1
 811      0200A100 
 811      00000201 
 811      FB0E0D00 
 811      01010101 
 812              	.LASF23:
 813 0000 4359424C 		.ascii	"CYBLE_EVT_GAP_PASSKEY_ENTRY_REQUEST\000"
 813      455F4556 
 813      545F4741 
 813      505F5041 
 813      53534B45 
 814              	.LASF121:
 815 0024 433A5C55 		.ascii	"C:\\Users\\user\\Desktop\\__Testy 740G\\BLE projekt"
 815      73657273 
 815      5C757365 
 815      725C4465 
 815      736B746F 
 816 0052 5C424C45 		.ascii	"\\BLE_Continuous_Glucose_Monitoring_Sensor01\\BLE_C"
 816      5F436F6E 
ARM GAS  C:\Users\user\AppData\Local\Temp\ccGAXYj6.s 			page 19


 816      74696E75 
 816      6F75735F 
 816      476C7563 
 817 0083 6F6E7469 		.ascii	"ontinuous_Glucose_Monitoring_Sensor02.cydsn\000"
 817      6E756F75 
 817      735F476C 
 817      75636F73 
 817      655F4D6F 
 818              	.LASF99:
 819 00af 4359424C 		.ascii	"CYBLE_CGMS_SOCP\000"
 819      455F4347 
 819      4D535F53 
 819      4F435000 
 820              	.LASF58:
 821 00bf 4359424C 		.ascii	"CYBLE_EVT_GATTC_WRITE_RSP\000"
 821      455F4556 
 821      545F4741 
 821      5454435F 
 821      57524954 
 822              	.LASF20:
 823 00d9 4359424C 		.ascii	"CYBLE_EVT_MEMORY_REQUEST\000"
 823      455F4556 
 823      545F4D45 
 823      4D4F5259 
 823      5F524551 
 824              	.LASF89:
 825 00f2 4359424C 		.ascii	"CYBLE_BMS_BMFT\000"
 825      455F424D 
 825      535F424D 
 825      465400
 826              	.LASF29:
 827 0101 4359424C 		.ascii	"CYBLE_EVT_GAP_DEVICE_DISCONNECTED\000"
 827      455F4556 
 827      545F4741 
 827      505F4445 
 827      56494345 
 828              	.LASF96:
 829 0123 4359424C 		.ascii	"CYBLE_CGMS_SSTM\000"
 829      455F4347 
 829      4D535F53 
 829      53544D00 
 830              	.LASF95:
 831 0133 4359424C 		.ascii	"CYBLE_CGMS_CGST\000"
 831      455F4347 
 831      4D535F43 
 831      47535400 
 832              	.LASF2:
 833 0143 73686F72 		.ascii	"short int\000"
 833      7420696E 
 833      7400
 834              	.LASF26:
 835 014d 4359424C 		.ascii	"CYBLE_EVT_GAP_AUTH_FAILED\000"
 835      455F4556 
 835      545F4741 
 835      505F4155 
 835      54485F46 
 836              	.LASF47:
ARM GAS  C:\Users\user\AppData\Local\Temp\ccGAXYj6.s 			page 20


 837 0167 4359424C 		.ascii	"CYBLE_EVT_GATT_DISCONNECT_IND\000"
 837      455F4556 
 837      545F4741 
 837      54545F44 
 837      4953434F 
 838              	.LASF13:
 839 0185 73697A65 		.ascii	"sizetype\000"
 839      74797065 
 839      00
 840              	.LASF37:
 841 018e 4359424C 		.ascii	"CYBLE_EVT_GAP_DATA_LENGTH_CHANGE\000"
 841      455F4556 
 841      545F4741 
 841      505F4441 
 841      54415F4C 
 842              	.LASF111:
 843 01af 4359424C 		.ascii	"CYBLE_DIS_SERIAL_NUMBER\000"
 843      455F4449 
 843      535F5345 
 843      5249414C 
 843      5F4E554D 
 844              	.LASF6:
 845 01c7 6C6F6E67 		.ascii	"long long int\000"
 845      206C6F6E 
 845      6720696E 
 845      7400
 846              	.LASF114:
 847 01d5 4359424C 		.ascii	"CYBLE_DIS_SOFTWARE_REV\000"
 847      455F4449 
 847      535F534F 
 847      46545741 
 847      52455F52 
 848              	.LASF59:
 849 01ec 4359424C 		.ascii	"CYBLE_EVT_GATTS_WRITE_CMD_REQ\000"
 849      455F4556 
 849      545F4741 
 849      5454535F 
 849      57524954 
 850              	.LASF18:
 851 020a 4359424C 		.ascii	"CYBLE_EVT_HCI_STATUS\000"
 851      455F4556 
 851      545F4843 
 851      495F5354 
 851      41545553 
 852              	.LASF122:
 853 021f 4379426C 		.ascii	"CyBle_CustomInit\000"
 853      655F4375 
 853      73746F6D 
 853      496E6974 
 853      00
 854              	.LASF15:
 855 0230 4359424C 		.ascii	"CYBLE_EVT_STACK_ON\000"
 855      455F4556 
 855      545F5354 
 855      41434B5F 
 855      4F4E00
 856              	.LASF44:
ARM GAS  C:\Users\user\AppData\Local\Temp\ccGAXYj6.s 			page 21


 857 0243 4359424C 		.ascii	"CYBLE_EVT_GAP_SMP_LOC_P256_KEYS_GEN_AND_SET_COMPLET"
 857      455F4556 
 857      545F4741 
 857      505F534D 
 857      505F4C4F 
 858 0276 4500     		.ascii	"E\000"
 859              	.LASF48:
 860 0278 4359424C 		.ascii	"CYBLE_EVT_GATTS_XCNHG_MTU_REQ\000"
 860      455F4556 
 860      545F4741 
 860      5454535F 
 860      58434E48 
 861              	.LASF101:
 862 0296 4359424C 		.ascii	"CYBLE_CGMS_CCCD\000"
 862      455F4347 
 862      4D535F43 
 862      43434400 
 863              	.LASF86:
 864 02a6 75696E74 		.ascii	"uint16\000"
 864      313600
 865              	.LASF102:
 866 02ad 4359424C 		.ascii	"CYBLE_CGMS_DESCR_COUNT\000"
 866      455F4347 
 866      4D535F44 
 866      45534352 
 866      5F434F55 
 867              	.LASF88:
 868 02c4 4359424C 		.ascii	"CYBLE_BMS_BMCP\000"
 868      455F424D 
 868      535F424D 
 868      435000
 869              	.LASF104:
 870 02d3 63757374 		.ascii	"customServCharDesc\000"
 870      6F6D5365 
 870      72764368 
 870      61724465 
 870      736300
 871              	.LASF56:
 872 02e6 4359424C 		.ascii	"CYBLE_EVT_GATTC_READ_MULTI_RSP\000"
 872      455F4556 
 872      545F4741 
 872      5454435F 
 872      52454144 
 873              	.LASF65:
 874 0305 4359424C 		.ascii	"CYBLE_EVT_GATTS_HANDLE_VALUE_CNF\000"
 874      455F4556 
 874      545F4741 
 874      5454535F 
 874      48414E44 
 875              	.LASF14:
 876 0326 4359424C 		.ascii	"CYBLE_EVT_HOST_INVALID\000"
 876      455F4556 
 876      545F484F 
 876      53545F49 
 876      4E56414C 
 877              	.LASF73:
 878 033d 4359424C 		.ascii	"CYBLE_EVT_L2CAP_CBFC_CONN_IND\000"
ARM GAS  C:\Users\user\AppData\Local\Temp\ccGAXYj6.s 			page 22


 878      455F4556 
 878      545F4C32 
 878      4341505F 
 878      43424643 
 879              	.LASF76:
 880 035b 4359424C 		.ascii	"CYBLE_EVT_L2CAP_CBFC_DISCONN_CNF\000"
 880      455F4556 
 880      545F4C32 
 880      4341505F 
 880      43424643 
 881              	.LASF9:
 882 037c 666C6F61 		.ascii	"float\000"
 882      7400
 883              	.LASF25:
 884 0382 4359424C 		.ascii	"CYBLE_EVT_GAP_AUTH_COMPLETE\000"
 884      455F4556 
 884      545F4741 
 884      505F4155 
 884      54485F43 
 885              	.LASF34:
 886 039e 4359424C 		.ascii	"CYBLE_EVT_GAP_NUMERIC_COMPARISON_REQUEST\000"
 886      455F4556 
 886      545F4741 
 886      505F4E55 
 886      4D455249 
 887              	.LASF120:
 888 03c7 47656E65 		.ascii	"Generated_Source\\PSoC4\\BLE_custom.c\000"
 888      72617465 
 888      645F536F 
 888      75726365 
 888      5C50536F 
 889              	.LASF7:
 890 03eb 6C6F6E67 		.ascii	"long long unsigned int\000"
 890      206C6F6E 
 890      6720756E 
 890      7369676E 
 890      65642069 
 891              	.LASF105:
 892 0402 4359424C 		.ascii	"CYBLE_CUSTOMS_INFO_T\000"
 892      455F4355 
 892      53544F4D 
 892      535F494E 
 892      464F5F54 
 893              	.LASF43:
 894 0417 4359424C 		.ascii	"CYBLE_EVT_GAP_AUTH_REQ_REPLY_ERR\000"
 894      455F4556 
 894      545F4741 
 894      505F4155 
 894      54485F52 
 895              	.LASF4:
 896 0438 6C6F6E67 		.ascii	"long int\000"
 896      20696E74 
 896      00
 897              	.LASF64:
 898 0441 4359424C 		.ascii	"CYBLE_EVT_GATTC_HANDLE_VALUE_IND\000"
 898      455F4556 
 898      545F4741 
ARM GAS  C:\Users\user\AppData\Local\Temp\ccGAXYj6.s 			page 23


 898      5454435F 
 898      48414E44 
 899              	.LASF98:
 900 0462 4359424C 		.ascii	"CYBLE_CGMS_RACP\000"
 900      455F4347 
 900      4D535F52 
 900      41435000 
 901              	.LASF28:
 902 0472 4359424C 		.ascii	"CYBLE_EVT_GAP_DEVICE_CONNECTED\000"
 902      455F4556 
 902      545F4741 
 902      505F4445 
 902      56494345 
 903              	.LASF27:
 904 0491 4359424C 		.ascii	"CYBLE_EVT_GAPP_ADVERTISEMENT_START_STOP\000"
 904      455F4556 
 904      545F4741 
 904      50505F41 
 904      44564552 
 905              	.LASF63:
 906 04b9 4359424C 		.ascii	"CYBLE_EVT_GATTC_HANDLE_VALUE_NTF\000"
 906      455F4556 
 906      545F4741 
 906      5454435F 
 906      48414E44 
 907              	.LASF19:
 908 04da 4359424C 		.ascii	"CYBLE_EVT_STACK_BUSY_STATUS\000"
 908      455F4556 
 908      545F5354 
 908      41434B5F 
 908      42555359 
 909              	.LASF110:
 910 04f6 4359424C 		.ascii	"CYBLE_DIS_MODEL_NUMBER\000"
 910      455F4449 
 910      535F4D4F 
 910      44454C5F 
 910      4E554D42 
 911              	.LASF24:
 912 050d 4359424C 		.ascii	"CYBLE_EVT_GAP_PASSKEY_DISPLAY_REQUEST\000"
 912      455F4556 
 912      545F4741 
 912      505F5041 
 912      53534B45 
 913              	.LASF108:
 914 0533 4359424C 		.ascii	"CYBLE_CUSTOMS_T\000"
 914      455F4355 
 914      53544F4D 
 914      535F5400 
 915              	.LASF74:
 916 0543 4359424C 		.ascii	"CYBLE_EVT_L2CAP_CBFC_CONN_CNF\000"
 916      455F4556 
 916      545F4C32 
 916      4341505F 
 916      43424643 
 917              	.LASF38:
 918 0561 4359424C 		.ascii	"CYBLE_EVT_GAP_ENHANCE_CONN_COMPLETE\000"
 918      455F4556 
ARM GAS  C:\Users\user\AppData\Local\Temp\ccGAXYj6.s 			page 24


 918      545F4741 
 918      505F454E 
 918      48414E43 
 919              	.LASF12:
 920 0585 6C6F6E67 		.ascii	"long double\000"
 920      20646F75 
 920      626C6500 
 921              	.LASF70:
 922 0591 4359424C 		.ascii	"CYBLE_EVT_L2CAP_CONN_PARAM_UPDATE_REQ\000"
 922      455F4556 
 922      545F4C32 
 922      4341505F 
 922      434F4E4E 
 923              	.LASF1:
 924 05b7 756E7369 		.ascii	"unsigned char\000"
 924      676E6564 
 924      20636861 
 924      7200
 925              	.LASF107:
 926 05c5 63757374 		.ascii	"customServInfo\000"
 926      6F6D5365 
 926      7276496E 
 926      666F00
 927              	.LASF60:
 928 05d4 4359424C 		.ascii	"CYBLE_EVT_GATTS_PREP_WRITE_REQ\000"
 928      455F4556 
 928      545F4741 
 928      5454535F 
 928      50524550 
 929              	.LASF82:
 930 05f3 4359424C 		.ascii	"CYBLE_EVT_LE_PING_AUTH_TIMEOUT\000"
 930      455F4556 
 930      545F4C45 
 930      5F50494E 
 930      475F4155 
 931              	.LASF103:
 932 0612 63757374 		.ascii	"customServCharHandle\000"
 932      6F6D5365 
 932      72764368 
 932      61724861 
 932      6E646C65 
 933              	.LASF52:
 934 0627 4359424C 		.ascii	"CYBLE_EVT_GATTC_FIND_INFO_RSP\000"
 934      455F4556 
 934      545F4741 
 934      5454435F 
 934      46494E44 
 935              	.LASF0:
 936 0645 7369676E 		.ascii	"signed char\000"
 936      65642063 
 936      68617200 
 937              	.LASF57:
 938 0651 4359424C 		.ascii	"CYBLE_EVT_GATTS_WRITE_REQ\000"
 938      455F4556 
 938      545F4741 
 938      5454535F 
 938      57524954 
ARM GAS  C:\Users\user\AppData\Local\Temp\ccGAXYj6.s 			page 25


 939              	.LASF53:
 940 066b 4359424C 		.ascii	"CYBLE_EVT_GATTC_FIND_BY_TYPE_VALUE_RSP\000"
 940      455F4556 
 940      545F4741 
 940      5454435F 
 940      46494E44 
 941              	.LASF93:
 942 0692 4359424C 		.ascii	"CYBLE_CGMS_CGMT\000"
 942      455F4347 
 942      4D535F43 
 942      474D5400 
 943              	.LASF8:
 944 06a2 756E7369 		.ascii	"unsigned int\000"
 944      676E6564 
 944      20696E74 
 944      00
 945              	.LASF97:
 946 06af 4359424C 		.ascii	"CYBLE_CGMS_SRTM\000"
 946      455F4347 
 946      4D535F53 
 946      52544D00 
 947              	.LASF119:
 948 06bf 474E5520 		.ascii	"GNU C11 5.4.1 20160609 (release) [ARM/embedded-5-br"
 948      43313120 
 948      352E342E 
 948      31203230 
 948      31363036 
 949 06f2 616E6368 		.ascii	"anch revision 237715] -mcpu=cortex-m0 -mthumb -g -O"
 949      20726576 
 949      6973696F 
 949      6E203233 
 949      37373135 
 950 0725 73202D66 		.ascii	"s -ffunction-sections -ffat-lto-objects\000"
 950      66756E63 
 950      74696F6E 
 950      2D736563 
 950      74696F6E 
 951              	.LASF46:
 952 074d 4359424C 		.ascii	"CYBLE_EVT_GATT_CONNECT_IND\000"
 952      455F4556 
 952      545F4741 
 952      54545F43 
 952      4F4E4E45 
 953              	.LASF5:
 954 0768 6C6F6E67 		.ascii	"long unsigned int\000"
 954      20756E73 
 954      69676E65 
 954      6420696E 
 954      7400
 955              	.LASF22:
 956 077a 4359424C 		.ascii	"CYBLE_EVT_GAP_AUTH_REQ\000"
 956      455F4556 
 956      545F4741 
 956      505F4155 
 956      54485F52 
 957              	.LASF75:
 958 0791 4359424C 		.ascii	"CYBLE_EVT_L2CAP_CBFC_DISCONN_IND\000"
ARM GAS  C:\Users\user\AppData\Local\Temp\ccGAXYj6.s 			page 26


 958      455F4556 
 958      545F4C32 
 958      4341505F 
 958      43424643 
 959              	.LASF30:
 960 07b2 4359424C 		.ascii	"CYBLE_EVT_GAP_ENCRYPT_CHANGE\000"
 960      455F4556 
 960      545F4741 
 960      505F454E 
 960      43525950 
 961              	.LASF41:
 962 07cf 4359424C 		.ascii	"CYBLE_EVT_GAP_CONN_ESTB\000"
 962      455F4556 
 962      545F4741 
 962      505F434F 
 962      4E4E5F45 
 963              	.LASF54:
 964 07e7 4359424C 		.ascii	"CYBLE_EVT_GATTC_READ_RSP\000"
 964      455F4556 
 964      545F4741 
 964      5454435F 
 964      52454144 
 965              	.LASF69:
 966 0800 4359424C 		.ascii	"CYBLE_EVT_GATTC_LONG_PROCEDURE_END\000"
 966      455F4556 
 966      545F4741 
 966      5454435F 
 966      4C4F4E47 
 967              	.LASF33:
 968 0823 4359424C 		.ascii	"CYBLE_EVT_GAP_KEYINFO_EXCHNGE_CMPLT\000"
 968      455F4556 
 968      545F4741 
 968      505F4B45 
 968      59494E46 
 969              	.LASF84:
 970 0847 4359424C 		.ascii	"CYBLE_EVT_FLASH_CORRUPT\000"
 970      455F4556 
 970      545F464C 
 970      4153485F 
 970      434F5252 
 971              	.LASF31:
 972 085f 4359424C 		.ascii	"CYBLE_EVT_GAP_CONNECTION_UPDATE_COMPLETE\000"
 972      455F4556 
 972      545F4741 
 972      505F434F 
 972      4E4E4543 
 973              	.LASF40:
 974 0888 4359424C 		.ascii	"CYBLE_EVT_GAP_SMP_NEGOTIATED_AUTH_INFO\000"
 974      455F4556 
 974      545F4741 
 974      505F534D 
 974      505F4E45 
 975              	.LASF11:
 976 08af 63686172 		.ascii	"char\000"
 976      00
 977              	.LASF35:
 978 08b4 4359424C 		.ascii	"CYBLE_EVT_GAP_KEYPRESS_NOTIFICATION\000"
ARM GAS  C:\Users\user\AppData\Local\Temp\ccGAXYj6.s 			page 27


 978      455F4556 
 978      545F4741 
 978      505F4B45 
 978      59505245 
 979              	.LASF72:
 980 08d8 4359424C 		.ascii	"CYBLE_EVT_L2CAP_COMMAND_REJ\000"
 980      455F4556 
 980      545F4C32 
 980      4341505F 
 980      434F4D4D 
 981              	.LASF3:
 982 08f4 73686F72 		.ascii	"short unsigned int\000"
 982      7420756E 
 982      7369676E 
 982      65642069 
 982      6E7400
 983              	.LASF39:
 984 0907 4359424C 		.ascii	"CYBLE_EVT_GAPC_DIRECT_ADV_REPORT\000"
 984      455F4556 
 984      545F4741 
 984      50435F44 
 984      49524543 
 985              	.LASF116:
 986 0928 4359424C 		.ascii	"CYBLE_DIS_REG_CERT_DATA\000"
 986      455F4449 
 986      535F5245 
 986      475F4345 
 986      52545F44 
 987              	.LASF55:
 988 0940 4359424C 		.ascii	"CYBLE_EVT_GATTC_READ_BLOB_RSP\000"
 988      455F4556 
 988      545F4741 
 988      5454435F 
 988      52454144 
 989              	.LASF62:
 990 095e 4359424C 		.ascii	"CYBLE_EVT_GATTC_EXEC_WRITE_RSP\000"
 990      455F4556 
 990      545F4741 
 990      5454435F 
 990      45584543 
 991              	.LASF32:
 992 097d 4359424C 		.ascii	"CYBLE_EVT_GAPC_SCAN_START_STOP\000"
 992      455F4556 
 992      545F4741 
 992      50435F53 
 992      43414E5F 
 993              	.LASF81:
 994 099c 4359424C 		.ascii	"CYBLE_EVT_PENDING_FLASH_WRITE\000"
 994      455F4556 
 994      545F5045 
 994      4E44494E 
 994      475F464C 
 995              	.LASF78:
 996 09ba 4359424C 		.ascii	"CYBLE_EVT_L2CAP_CBFC_RX_CREDIT_IND\000"
 996      455F4556 
 996      545F4C32 
 996      4341505F 
ARM GAS  C:\Users\user\AppData\Local\Temp\ccGAXYj6.s 			page 28


 996      43424643 
 997              	.LASF10:
 998 09dd 646F7562 		.ascii	"double\000"
 998      6C6500
 999              	.LASF45:
 1000 09e4 4359424C 		.ascii	"CYBLE_EVT_GATTC_ERROR_RSP\000"
 1000      455F4556 
 1000      545F4741 
 1000      5454435F 
 1000      4552524F 
 1001              	.LASF79:
 1002 09fe 4359424C 		.ascii	"CYBLE_EVT_L2CAP_CBFC_TX_CREDIT_IND\000"
 1002      455F4556 
 1002      545F4C32 
 1002      4341505F 
 1002      43424643 
 1003              	.LASF94:
 1004 0a21 4359424C 		.ascii	"CYBLE_CGMS_CGFT\000"
 1004      455F4347 
 1004      4D535F43 
 1004      47465400 
 1005              	.LASF118:
 1006 0a31 4359424C 		.ascii	"CYBLE_DIS_CHAR_COUNT\000"
 1006      455F4449 
 1006      535F4348 
 1006      41525F43 
 1006      4F554E54 
 1007              	.LASF42:
 1008 0a46 4359424C 		.ascii	"CYBLE_EVT_GAP_SCAN_REQ_RECVD\000"
 1008      455F4556 
 1008      545F4741 
 1008      505F5343 
 1008      414E5F52 
 1009              	.LASF106:
 1010 0a63 63757374 		.ascii	"customServHandle\000"
 1010      6F6D5365 
 1010      72764861 
 1010      6E646C65 
 1010      00
 1011              	.LASF17:
 1012 0a74 4359424C 		.ascii	"CYBLE_EVT_HARDWARE_ERROR\000"
 1012      455F4556 
 1012      545F4841 
 1012      52445741 
 1012      52455F45 
 1013              	.LASF77:
 1014 0a8d 4359424C 		.ascii	"CYBLE_EVT_L2CAP_CBFC_DATA_READ\000"
 1014      455F4556 
 1014      545F4C32 
 1014      4341505F 
 1014      43424643 
 1015              	.LASF71:
 1016 0aac 4359424C 		.ascii	"CYBLE_EVT_L2CAP_CONN_PARAM_UPDATE_RSP\000"
 1016      455F4556 
 1016      545F4C32 
 1016      4341505F 
 1016      434F4E4E 
ARM GAS  C:\Users\user\AppData\Local\Temp\ccGAXYj6.s 			page 29


 1017              	.LASF21:
 1018 0ad2 4359424C 		.ascii	"CYBLE_EVT_GAPC_SCAN_PROGRESS_RESULT\000"
 1018      455F4556 
 1018      545F4741 
 1018      50435F53 
 1018      43414E5F 
 1019              	.LASF109:
 1020 0af6 4359424C 		.ascii	"CYBLE_DIS_MANUFACTURER_NAME\000"
 1020      455F4449 
 1020      535F4D41 
 1020      4E554641 
 1020      43545552 
 1021              	.LASF91:
 1022 0b12 4359424C 		.ascii	"CYBLE_BMS_CEPD\000"
 1022      455F424D 
 1022      535F4345 
 1022      504400
 1023              	.LASF50:
 1024 0b21 4359424C 		.ascii	"CYBLE_EVT_GATTC_READ_BY_GROUP_TYPE_RSP\000"
 1024      455F4556 
 1024      545F4741 
 1024      5454435F 
 1024      52454144 
 1025              	.LASF113:
 1026 0b48 4359424C 		.ascii	"CYBLE_DIS_FIRMWARE_REV\000"
 1026      455F4449 
 1026      535F4649 
 1026      524D5741 
 1026      52455F52 
 1027              	.LASF51:
 1028 0b5f 4359424C 		.ascii	"CYBLE_EVT_GATTC_READ_BY_TYPE_RSP\000"
 1028      455F4556 
 1028      545F4741 
 1028      5454435F 
 1028      52454144 
 1029              	.LASF49:
 1030 0b80 4359424C 		.ascii	"CYBLE_EVT_GATTC_XCHNG_MTU_RSP\000"
 1030      455F4556 
 1030      545F4741 
 1030      5454435F 
 1030      5843484E 
 1031              	.LASF112:
 1032 0b9e 4359424C 		.ascii	"CYBLE_DIS_HARDWARE_REV\000"
 1032      455F4449 
 1032      535F4841 
 1032      52445741 
 1032      52455F52 
 1033              	.LASF80:
 1034 0bb5 4359424C 		.ascii	"CYBLE_EVT_L2CAP_CBFC_DATA_WRITE_IND\000"
 1034      455F4556 
 1034      545F4C32 
 1034      4341505F 
 1034      43424643 
 1035              	.LASF16:
 1036 0bd9 4359424C 		.ascii	"CYBLE_EVT_TIMEOUT\000"
 1036      455F4556 
 1036      545F5449 
ARM GAS  C:\Users\user\AppData\Local\Temp\ccGAXYj6.s 			page 30


 1036      4D454F55 
 1036      5400
 1037              	.LASF100:
 1038 0beb 4359424C 		.ascii	"CYBLE_CGMS_CHAR_COUNT\000"
 1038      455F4347 
 1038      4D535F43 
 1038      4841525F 
 1038      434F554E 
 1039              	.LASF85:
 1040 0c01 4359424C 		.ascii	"CYBLE_EVT_MAX\000"
 1040      455F4556 
 1040      545F4D41 
 1040      5800
 1041              	.LASF68:
 1042 0c0f 4359424C 		.ascii	"CYBLE_EVT_GATTS_READ_CHAR_VAL_ACCESS_REQ\000"
 1042      455F4556 
 1042      545F4741 
 1042      5454535F 
 1042      52454144 
 1043              	.LASF67:
 1044 0c38 4359424C 		.ascii	"CYBLE_EVT_GATTC_STOP_CMD_COMPLETE\000"
 1044      455F4556 
 1044      545F4741 
 1044      5454435F 
 1044      53544F50 
 1045              	.LASF61:
 1046 0c5a 4359424C 		.ascii	"CYBLE_EVT_GATTS_EXEC_WRITE_REQ\000"
 1046      455F4556 
 1046      545F4741 
 1046      5454535F 
 1046      45584543 
 1047              	.LASF90:
 1048 0c79 4359424C 		.ascii	"CYBLE_BMS_CHAR_COUNT\000"
 1048      455F424D 
 1048      535F4348 
 1048      41525F43 
 1048      4F554E54 
 1049              	.LASF87:
 1050 0c8e 4359424C 		.ascii	"CYBLE_GATT_DB_ATTR_HANDLE_T\000"
 1050      455F4741 
 1050      54545F44 
 1050      425F4154 
 1050      54525F48 
 1051              	.LASF92:
 1052 0caa 4359424C 		.ascii	"CYBLE_BMS_DESCR_COUNT\000"
 1052      455F424D 
 1052      535F4445 
 1052      5343525F 
 1052      434F554E 
 1053              	.LASF123:
 1054 0cc0 6379426C 		.ascii	"cyBle_customs\000"
 1054      655F6375 
 1054      73746F6D 
 1054      7300
 1055              	.LASF66:
 1056 0cce 4359424C 		.ascii	"CYBLE_EVT_GATTS_DATA_SIGNED_CMD_REQ\000"
 1056      455F4556 
ARM GAS  C:\Users\user\AppData\Local\Temp\ccGAXYj6.s 			page 31


 1056      545F4741 
 1056      5454535F 
 1056      44415441 
 1057              	.LASF83:
 1058 0cf2 4359424C 		.ascii	"CYBLE_EVT_HCI_PKT\000"
 1058      455F4556 
 1058      545F4843 
 1058      495F504B 
 1058      5400
 1059              	.LASF115:
 1060 0d04 4359424C 		.ascii	"CYBLE_DIS_SYSTEM_ID\000"
 1060      455F4449 
 1060      535F5359 
 1060      5354454D 
 1060      5F494400 
 1061              	.LASF36:
 1062 0d18 4359424C 		.ascii	"CYBLE_EVT_GAP_OOB_GENERATED_NOTIFICATION\000"
 1062      455F4556 
 1062      545F4741 
 1062      505F4F4F 
 1062      425F4745 
 1063              	.LASF117:
 1064 0d41 4359424C 		.ascii	"CYBLE_DIS_PNP_ID\000"
 1064      455F4449 
 1064      535F504E 
 1064      505F4944 
 1064      00
 1065              		.ident	"GCC: (GNU Tools for ARM Embedded Processors) 5.4.1 20160609 (release) [ARM/embedded-5-bran
